<?xml version="1.0" encoding="UTF-8"?>
<!-- Generated by org.testng.reporters.JUnitReportReporter -->
<testsuite hostname="Anand" failures="0" tests="6" name="testCase.FitPeoCase" time="4.882" errors="0" timestamp="2024-11-24T14:15:10 IST" skipped="0">
  <testcase classname="testCase.FitPeoCase" name="testRevenueCalcLink" time="0.153"/>
  <testcase classname="testCase.FitPeoCase" name="slideRavenueCalc" time="1.735"/>
  <testcase classname="testCase.FitPeoCase" name="testAdjustSlider" time="0.891"/>
  <testcase classname="testCase.FitPeoCase" name="testUpdatedPatients" time="0.803"/>
  <testcase classname="testCase.FitPeoCase" name="testCheckbox" time="1.230"/>
  <testcase classname="testCase.FitPeoCase" name="testTotalReimbursement" time="0.070"/>
</testsuite> <!-- testCase.FitPeoCase -->
