<?xml version="1.0" encoding="UTF-8"?>
<!-- Generated by org.testng.reporters.JUnitReportReporter -->
<testsuite hostname="Anand" failures="0" tests="6" name="testCase.FitPeoCase" time="4.105" errors="0" timestamp="2024-11-24T14:35:04 IST" skipped="0">
  <testcase classname="testCase.FitPeoCase" name="testRevenueCalcLink" time="0.187"/>
  <testcase classname="testCase.FitPeoCase" name="slideRavenueCalc" time="1.272"/>
  <testcase classname="testCase.FitPeoCase" name="testAdjustSlider" time="0.525"/>
  <testcase classname="testCase.FitPeoCase" name="testUpdatedPatients" time="0.839"/>
  <testcase classname="testCase.FitPeoCase" name="testCheckbox" time="1.210"/>
  <testcase classname="testCase.FitPeoCase" name="testTotalReimbursement" time="0.072"/>
</testsuite> <!-- testCase.FitPeoCase -->
